{"meta": {"format": 2, "version": "7.4.1", "timestamp": "2024-05-07T14:59:13.585900", "branch_coverage": false, "show_contexts": false}, "files": {"praktikum/__init__.py": {"executed_lines": [0], "summary": {"covered_lines": 0, "num_statements": 0, "percent_covered": 100.0, "percent_covered_display": "100", "missing_lines": 0, "excluded_lines": 0}, "missing_lines": [], "excluded_lines": []}, "praktikum/bun.py": {"executed_lines": [1, 2, 7, 8, 9, 11, 12, 14, 15], "summary": {"covered_lines": 8, "num_statements": 8, "percent_covered": 100.0, "percent_covered_display": "100", "missing_lines": 0, "excluded_lines": 0}, "missing_lines": [], "excluded_lines": []}, "praktikum/burger.py": {"executed_lines": [1, 3, 4, 7, 8, 15, 16, 17, 19, 20, 22, 23, 25, 26, 28, 29, 31, 32, 34, 35, 37, 39, 40, 42, 43, 45, 46, 48], "summary": {"covered_lines": 27, "num_statements": 27, "percent_covered": 100.0, "percent_covered_display": "100", "missing_lines": 0, "excluded_lines": 0}, "missing_lines": [], "excluded_lines": []}, "praktikum/database.py": {"executed_lines": [1, 3, 4, 5, 8, 9, 13, 14, 15, 17, 18, 19, 21, 22, 23, 25, 26, 27, 29, 30, 32, 33], "summary": {"covered_lines": 21, "num_statements": 21, "percent_covered": 100.0, "percent_covered_display": "100", "missing_lines": 0, "excluded_lines": 0}, "missing_lines": [], "excluded_lines": []}, "praktikum/ingredient.py": {"executed_lines": [1, 2, 8, 9, 10, 11, 13, 14, 16, 17, 19, 20], "summary": {"covered_lines": 11, "num_statements": 11, "percent_covered": 100.0, "percent_covered_display": "100", "missing_lines": 0, "excluded_lines": 0}, "missing_lines": [], "excluded_lines": []}, "praktikum/ingredient_types.py": {"executed_lines": [1, 6, 7], "summary": {"covered_lines": 2, "num_statements": 2, "percent_covered": 100.0, "percent_covered_display": "100", "missing_lines": 0, "excluded_lines": 0}, "missing_lines": [], "excluded_lines": []}, "praktikum/praktikum.py": {"executed_lines": [], "summary": {"covered_lines": 0, "num_statements": 20, "percent_covered": 0.0, "percent_covered_display": "0", "missing_lines": 20, "excluded_lines": 0}, "missing_lines": [1, 3, 4, 5, 6, 9, 11, 14, 17, 20, 23, 25, 26, 27, 28, 31, 34, 37, 40, 41], "excluded_lines": []}}, "totals": {"covered_lines": 69, "num_statements": 89, "percent_covered": 77.52808988764045, "percent_covered_display": "78", "missing_lines": 20, "excluded_lines": 0}}